<?xml version="1.0" encoding="UTF-8"?>
<!-- Generated by org.testng.reporters.JUnitXMLReporter -->
<testsuite hostname="Bhanus-MacBook-Air.local" ignored="0" name="Default test" tests="4" failures="0" timestamp="2020-08-03T22:34:02 CDT" time="25.103" errors="0">
  <testcase name="testJavaSearch" time="5.71" classname="com.testing.TestNG.GoogleTest"/>
  <testcase name="testSeleniumSearch" time="3.282" classname="com.testing.TestNG.GoogleTest"/>
  <testcase name="f" time="5.352" classname="com.testing.TestNG.GoogleTestWithDataProvider"/>
  <testcase name="f" time="3.321" classname="com.testing.TestNG.GoogleTestWithDataProvider"/>
</testsuite> <!-- Default test -->
