<?xml version="1.0" encoding="UTF-8"?>
<!-- Generated by org.testng.reporters.JUnitXMLReporter -->
<testsuite hostname="Bhanus-MacBook-Air.local" ignored="0" name="Regression1" tests="4" failures="0" timestamp="2020-08-03T22:44:36 CDT" time="25.698" errors="0">
  <testcase name="testJavaSearch" time="5.975" classname="com.testing.TestNG.GoogleTest"/>
  <testcase name="testSeleniumSearch" time="3.355" classname="com.testing.TestNG.GoogleTest"/>
  <testcase name="f" time="4.541" classname="com.testing.TestNG.GoogleTestWithDataProvider"/>
  <testcase name="f" time="3.377" classname="com.testing.TestNG.GoogleTestWithDataProvider"/>
</testsuite> <!-- Regression1 -->
