<?xml version="1.0" encoding="UTF-8"?>
<testng-results skipped="0" failed="0" ignored="0" total="2" passed="2">
  <reporter-output>
  </reporter-output>
  <suite name="Default suite" duration-ms="13365" started-at="2020-08-03T22:14:39 CDT" finished-at="2020-08-03T22:14:52 CDT">
    <groups>
    </groups>
    <test name="Default test" duration-ms="13365" started-at="2020-08-03T22:14:39 CDT" finished-at="2020-08-03T22:14:52 CDT">
      <class name="com.testing.TestNG.GoogleTest">
        <test-method status="PASS" signature="beforeMethod()[pri:0, instance:com.testing.TestNG.GoogleTest@1f554b06]" name="beforeMethod" is-config="true" duration-ms="2819" started-at="2020-08-03T22:14:39 CDT" finished-at="2020-08-03T22:14:42 CDT">
          <reporter-output>
          </reporter-output>
        </test-method> <!-- beforeMethod -->
        <test-method status="PASS" signature="f(java.lang.Integer, java.lang.String)[pri:0, instance:com.testing.TestNG.GoogleTest@1f554b06]" name="f" duration-ms="5649" started-at="2020-08-03T22:14:42 CDT" data-provider="dp" finished-at="2020-08-03T22:14:48 CDT">
          <params>
            <param index="0">
              <value>
                <![CDATA[1]]>
              </value>
            </param>
            <param index="1">
              <value>
                <![CDATA[selenium]]>
              </value>
            </param>
          </params>
          <reporter-output>
          </reporter-output>
        </test-method> <!-- f -->
        <test-method status="PASS" signature="beforeMethod()[pri:0, instance:com.testing.TestNG.GoogleTest@1f554b06]" name="beforeMethod" is-config="true" duration-ms="1464" started-at="2020-08-03T22:14:48 CDT" finished-at="2020-08-03T22:14:49 CDT">
          <reporter-output>
          </reporter-output>
        </test-method> <!-- beforeMethod -->
        <test-method status="PASS" signature="f(java.lang.Integer, java.lang.String)[pri:0, instance:com.testing.TestNG.GoogleTest@1f554b06]" name="f" duration-ms="3359" started-at="2020-08-03T22:14:49 CDT" data-provider="dp" finished-at="2020-08-03T22:14:52 CDT">
          <params>
            <param index="0">
              <value>
                <![CDATA[2]]>
              </value>
            </param>
            <param index="1">
              <value>
                <![CDATA[java]]>
              </value>
            </param>
          </params>
          <reporter-output>
          </reporter-output>
        </test-method> <!-- f -->
      </class> <!-- com.testing.TestNG.GoogleTest -->
    </test> <!-- Default test -->
  </suite> <!-- Default suite -->
</testng-results>
